<?xml version="1.0" encoding="UTF-8"?>
<testng-results skipped="0" failed="0" total="0" passed="0">
  <reporter-output>
  </reporter-output>
  <suite name="com.Test.AppTest" duration-ms="25" started-at="2016-04-14T10:48:15Z" finished-at="2016-04-14T10:48:15Z">
    <groups>
    </groups>
    <test name="Command line test" duration-ms="25" started-at="2016-04-14T10:48:15Z" finished-at="2016-04-14T10:48:15Z">
    </test> <!-- Command line test -->
  </suite> <!-- com.Test.AppTest -->
</testng-results>
